TN:
SF:src/app.ts
FNF:0
FNH:0
DA:8,1
DA:9,1
DA:10,1
DA:12,1
DA:13,1
DA:14,1
LF:6
LH:6
BRDA:13,0,0,1
BRDA:13,0,1,1
BRF:2
BRH:2
end_of_record
TN:
SF:src/database.ts
FNF:0
FNH:0
DA:3,2
DA:4,2
LF:2
LH:2
BRF:0
BRH:0
end_of_record
TN:
SF:src/controllers/e2eTestsController.ts
FN:4,truncate
FN:9,seed
FNF:2
FNH:2
FNDA:1,truncate
FNDA:1,seed
DA:5,1
DA:6,1
DA:10,1
DA:11,1
LF:4
LH:4
BRF:0
BRH:0
end_of_record
TN:
SF:src/controllers/recommendationController.ts
FN:6,insert
FN:17,upvote
FN:25,downvote
FN:33,random
FN:39,get
FN:44,getTop
FN:51,getById
FNF:7
FNH:6
FNDA:6,insert
FNDA:1,upvote
FNDA:2,downvote
FNDA:1,random
FNDA:1,get
FNDA:1,getTop
FNDA:0,getById
DA:7,6
DA:8,6
DA:9,3
DA:12,3
DA:14,2
DA:18,1
DA:20,1
DA:22,1
DA:26,2
DA:28,2
DA:30,2
DA:34,1
DA:36,1
DA:40,1
DA:41,1
DA:45,1
DA:47,1
DA:48,1
DA:52,0
DA:54,0
DA:55,0
DA:58,1
LF:22
LH:19
BRDA:8,0,0,3
BRF:1
BRH:1
end_of_record
TN:
SF:src/middlewares/errorHandlerMiddleware.ts
FN:8,errorHandlerMiddleware
FNF:1
FNH:1
FNDA:4,errorHandlerMiddleware
DA:14,4
DA:16,4
DA:17,4
DA:20,0
LF:4
LH:3
BRDA:16,0,0,4
BRF:1
BRH:1
end_of_record
TN:
SF:src/repositories/recommendationRepository.ts
FN:5,create
FN:16,findAll
FN:26,getAmountByScore
FN:33,getFindAllFilter
FN:45,find
FN:51,findByName
FN:57,updateScore
FN:66,remove
FN:72,truncate
FN:76,seed
FNF:10
FNH:10
FNDA:4,create
FNDA:2,findAll
FNDA:1,getAmountByScore
FNDA:2,getFindAllFilter
FNDA:6,find
FNDA:6,findByName
FNDA:3,updateScore
FNDA:1,remove
FNDA:5,truncate
FNDA:1,seed
DA:6,4
DA:17,2
DA:19,2
DA:27,1
DA:36,2
DA:38,1
DA:40,1
DA:46,6
DA:52,6
DA:58,3
DA:67,1
DA:73,5
DA:77,1
DA:86,2
LF:14
LH:14
BRDA:36,0,0,1
BRF:1
BRH:1
end_of_record
TN:
SF:src/routers/e2eTestsRouter.ts
FNF:0
FNH:0
DA:4,1
DA:6,1
DA:7,1
LF:3
LH:3
BRF:0
BRH:0
end_of_record
TN:
SF:src/routers/recommendationRouter.ts
FNF:0
FNH:0
DA:4,1
DA:6,1
DA:7,1
DA:8,1
DA:9,1
DA:10,1
DA:11,1
DA:12,1
LF:8
LH:8
BRF:0
BRH:0
end_of_record
TN:
SF:src/schemas/recommendationsSchemas.ts
FNF:0
FNH:0
DA:4,1
DA:6,1
LF:2
LH:2
BRF:0
BRH:0
end_of_record
TN:
SF:src/services/recommendationsService.ts
FN:7,insert
FN:17,upvote
FN:23,downvote
FN:36,getByIdOrFail
FN:43,get
FN:47,getTop
FN:51,getRandom
FN:64,getByScore
FN:77,getScoreFilter
FN:85,truncate
FN:89,seed
FNF:11
FNH:11
FNDA:5,insert
FNDA:3,upvote
FNDA:5,downvote
FNDA:8,getByIdOrFail
FNDA:2,get
FNDA:2,getTop
FNDA:3,getRandom
FNDA:5,getByScore
FNDA:5,getScoreFilter
FNDA:2,truncate
FNDA:2,seed
DA:8,5
DA:11,5
DA:12,2
DA:14,3
DA:18,3
DA:20,2
DA:24,5
DA:26,4
DA:31,4
DA:32,2
DA:37,8
DA:38,8
DA:40,6
DA:44,2
DA:48,2
DA:52,3
DA:53,3
DA:55,3
DA:56,3
DA:57,1
DA:60,2
DA:61,2
DA:65,5
DA:70,5
DA:71,3
DA:74,2
DA:78,5
DA:79,2
DA:82,3
DA:86,2
DA:90,2
DA:93,2
LF:32
LH:32
BRDA:11,0,0,2
BRDA:31,1,0,2
BRDA:38,2,0,2
BRDA:56,3,0,1
BRDA:70,4,0,3
BRDA:78,5,0,2
BRF:6
BRH:6
end_of_record
TN:
SF:src/utils/errorUtils.ts
FN:7,isAppError
FN:11,errorTypeToStatusCode
FN:19,conflictError
FN:23,notFoundError
FN:27,unauthorizedError
FN:31,wrongSchemaError
FNF:6
FNH:5
FNDA:4,isAppError
FNDA:4,errorTypeToStatusCode
FNDA:3,conflictError
FNDA:6,notFoundError
FNDA:0,unauthorizedError
FNDA:3,wrongSchemaError
DA:8,4
DA:12,4
DA:13,3
DA:14,3
DA:15,3
DA:16,0
DA:20,3
DA:24,6
DA:28,0
DA:32,3
LF:10
LH:8
BRDA:12,0,0,1
BRDA:13,1,0,0
BRDA:14,2,0,0
BRDA:15,3,0,3
BRDA:20,4,0,3
BRDA:20,4,1,0
BRDA:20,5,0,3
BRDA:20,5,1,3
BRDA:24,6,0,3
BRDA:24,6,1,3
BRDA:24,7,0,6
BRDA:24,7,1,6
BRDA:28,8,0,0
BRDA:28,8,1,0
BRDA:28,9,0,0
BRDA:28,9,1,0
BRDA:32,10,0,0
BRDA:32,10,1,3
BRDA:32,11,0,3
BRDA:32,11,1,3
BRF:20
BRH:12
end_of_record
TN:
SF:tests/factories/recommendationsFactory.ts
FN:10,generateRecommendation
FN:25,getRandomInt
FNF:2
FNH:2
FNDA:24,generateRecommendation
FNDA:21,getRandomInt
DA:11,24
DA:12,24
DA:13,24
DA:17,24
DA:18,20
DA:19,20
DA:20,20
DA:22,4
DA:26,21
DA:27,21
DA:28,21
LF:11
LH:11
BRDA:17,0,0,20
BRF:1
BRH:1
end_of_record
